# JRE version: Java(TM) SE Runtime Environment (8.0_161-b12) (build 1.8.0_161-b12)
# Java VM: Java HotSpot(TM) 64-Bit Server VM (25.161-b12 mixed mode linux-amd64 compressed oops)
Heap:
 PSYoungGen      total 169472K, used 141537K [0x00000000eb800000, 0x00000000fb600000, 0x0000000100000000)
  eden space 146432K, 88% used [0x00000000eb800000,0x00000000f36f53c8,0x00000000f4700000)
  from space 23040K, 50% used [0x00000000f4700000,0x00000000f5243340,0x00000000f5d80000)
  to   space 23040K, 0% used [0x00000000f9f80000,0x00000000f9f80000,0x00000000fb600000)
 ParOldGen       total 99840K, used 43665K [0x00000000c2800000, 0x00000000c8980000, 0x00000000eb800000)
  object space 99840K, 43% used [0x00000000c2800000,0x00000000c52a46b0,0x00000000c8980000)
 Metaspace       used 22496K, capacity 22748K, committed 22912K, reserved 1069056K
  class space    used 2563K, capacity 2647K, committed 2688K, reserved 1048576K
GC Heap History (10 events):
Event: 8,366 GC heap before
{Heap before GC invocations=9 (full 1):
 PSYoungGen      total 73216K, used 51754K [0x00000000eb800000, 0x00000000f4280000, 0x0000000100000000)
  eden space 50688K, 91% used [0x00000000eb800000,0x00000000ee58a248,0x00000000ee980000)
  from space 22528K, 22% used [0x00000000ee980000,0x00000000eee80680,0x00000000eff80000)
  to   space 21504K, 0% used [0x00000000f2d80000,0x00000000f2d80000,0x00000000f4280000)
 ParOldGen       total 56320K, used 23662K [0x00000000c2800000, 0x00000000c5f00000, 0x00000000eb800000)
  object space 56320K, 42% used [0x00000000c2800000,0x00000000c3f1bb00,0x00000000c5f00000)
 Metaspace       used 20803K, capacity 21084K, committed 21248K, reserved 1069056K
  class space    used 2429K, capacity 2519K, committed 2560K, reserved 1048576K
Event: 8,387 GC heap after
Heap after GC invocations=9 (full 1):
 PSYoungGen      total 117248K, used 9927K [0x00000000eb800000, 0x00000000f4000000, 0x0000000100000000)
  eden space 98304K, 0% used [0x00000000eb800000,0x00000000eb800000,0x00000000f1800000)
  from space 18944K, 52% used [0x00000000f2d80000,0x00000000f3731d38,0x00000000f4000000)
  to   space 20480K, 0% used [0x00000000f1800000,0x00000000f1800000,0x00000000f2c00000)
 ParOldGen       total 56320K, used 23670K [0x00000000c2800000, 0x00000000c5f00000, 0x00000000eb800000)
  object space 56320K, 42% used [0x00000000c2800000,0x00000000c3f1db00,0x00000000c5f00000)
 Metaspace       used 20803K, capacity 21084K, committed 21248K, reserved 1069056K
  class space    used 2429K, capacity 2519K, committed 2560K, reserved 1048576K
}
Event: 8,804 GC heap before
{Heap before GC invocations=10 (full 1):
 PSYoungGen      total 117248K, used 108231K [0x00000000eb800000, 0x00000000f4000000, 0x0000000100000000)
  eden space 98304K, 100% used [0x00000000eb800000,0x00000000f1800000,0x00000000f1800000)
  from space 18944K, 52% used [0x00000000f2d80000,0x00000000f3731d38,0x00000000f4000000)
  to   space 20480K, 0% used [0x00000000f1800000,0x00000000f1800000,0x00000000f2c00000)
 ParOldGen       total 56320K, used 23670K [0x00000000c2800000, 0x00000000c5f00000, 0x00000000eb800000)
  object space 56320K, 42% used [0x00000000c2800000,0x00000000c3f1db00,0x00000000c5f00000)
 Metaspace       used 20857K, capacity 21084K, committed 21248K, reserved 1069056K
  class space    used 2429K, capacity 2519K, committed 2560K, reserved 1048576K
Event: 8,850 GC heap after
Heap after GC invocations=10 (full 1):
 PSYoungGen      total 118784K, used 17878K [0x00000000eb800000, 0x00000000f7b80000, 0x0000000100000000)
  eden space 98304K, 0% used [0x00000000eb800000,0x00000000eb800000,0x00000000f1800000)
  from space 20480K, 87% used [0x00000000f1800000,0x00000000f29758b0,0x00000000f2c00000)
  to   space 23040K, 0% used [0x00000000f6500000,0x00000000f6500000,0x00000000f7b80000)
 ParOldGen       total 86016K, used 82727K [0x00000000c2800000, 0x00000000c7c00000, 0x00000000eb800000)
  object space 86016K, 96% used [0x00000000c2800000,0x00000000c78c9f40,0x00000000c7c00000)
 Metaspace       used 20857K, capacity 21084K, committed 21248K, reserved 1069056K
  class space    used 2429K, capacity 2519K, committed 2560K, reserved 1048576K
}
Event: 8,850 GC heap before
{Heap before GC invocations=11 (full 2):
 PSYoungGen      total 118784K, used 17878K [0x00000000eb800000, 0x00000000f7b80000, 0x0000000100000000)
  eden space 98304K, 0% used [0x00000000eb800000,0x00000000eb800000,0x00000000f1800000)
  from space 20480K, 87% used [0x00000000f1800000,0x00000000f29758b0,0x00000000f2c00000)
  to   space 23040K, 0% used [0x00000000f6500000,0x00000000f6500000,0x00000000f7b80000)
 ParOldGen       total 86016K, used 82727K [0x00000000c2800000, 0x00000000c7c00000, 0x00000000eb800000)
  object space 86016K, 96% used [0x00000000c2800000,0x00000000c78c9f40,0x00000000c7c00000)
 Metaspace       used 20857K, capacity 21084K, committed 21248K, reserved 1069056K
  class space    used 2429K, capacity 2519K, committed 2560K, reserved 1048576K
Event: 8,889 GC heap after
Heap after GC invocations=11 (full 2):
 PSYoungGen      total 118784K, used 0K [0x00000000eb800000, 0x00000000f7b80000, 0x0000000100000000)
  eden space 98304K, 0% used [0x00000000eb800000,0x00000000eb800000,0x00000000f1800000)
  from space 20480K, 0% used [0x00000000f1800000,0x00000000f1800000,0x00000000f2c00000)
  to   space 23040K, 0% used [0x00000000f6500000,0x00000000f6500000,0x00000000f7b80000)
 ParOldGen       total 99840K, used 43657K [0x00000000c2800000, 0x00000000c8980000, 0x00000000eb800000)
  object space 99840K, 43% used [0x00000000c2800000,0x00000000c52a26b0,0x00000000c8980000)
 Metaspace       used 20857K, capacity 21084K, committed 21248K, reserved 1069056K
  class space    used 2429K, capacity 2519K, committed 2560K, reserved 1048576K
}
Event: 9,124 GC heap before
{Heap before GC invocations=12 (full 2):
 PSYoungGen      total 118784K, used 98304K [0x00000000eb800000, 0x00000000f7b80000, 0x0000000100000000)
  eden space 98304K, 100% used [0x00000000eb800000,0x00000000f1800000,0x00000000f1800000)
  from space 20480K, 0% used [0x00000000f1800000,0x00000000f1800000,0x00000000f2c00000)
  to   space 23040K, 0% used [0x00000000f6500000,0x00000000f6500000,0x00000000f7b80000)
 ParOldGen       total 99840K, used 43657K [0x00000000c2800000, 0x00000000c8980000, 0x00000000eb800000)
  object space 99840K, 43% used [0x00000000c2800000,0x00000000c52a26b0,0x00000000c8980000)
 Metaspace       used 20857K, capacity 21084K, committed 21248K, reserved 1069056K
  class space    used 2429K, capacity 2519K, committed 2560K, reserved 1048576K
Event: 9,128 GC heap after
Heap after GC invocations=12 (full 2):
 PSYoungGen      total 161792K, used 64K [0x00000000eb800000, 0x00000000f7400000, 0x0000000100000000)
  eden space 146432K, 0% used [0x00000000eb800000,0x00000000eb800000,0x00000000f4700000)
  from space 15360K, 0% used [0x00000000f6500000,0x00000000f6510000,0x00000000f7400000)
  to   space 23040K, 0% used [0x00000000f4700000,0x00000000f4700000,0x00000000f5d80000)
 ParOldGen       total 99840K, used 43657K [0x00000000c2800000, 0x00000000c8980000, 0x00000000eb800000)
  object space 99840K, 43% used [0x00000000c2800000,0x00000000c52a26b0,0x00000000c8980000)
 Metaspace       used 20857K, capacity 21084K, committed 21248K, reserved 1069056K
  class space    used 2429K, capacity 2519K, committed 2560K, reserved 1048576K
}
Event: 15,475 GC heap before
{Heap before GC invocations=13 (full 2):
 PSYoungGen      total 161792K, used 146363K [0x00000000eb800000, 0x00000000f7400000, 0x0000000100000000)
  eden space 146432K, 99% used [0x00000000eb800000,0x00000000f46decb0,0x00000000f4700000)
  from space 15360K, 0% used [0x00000000f6500000,0x00000000f6510000,0x00000000f7400000)
  to   space 23040K, 0% used [0x00000000f4700000,0x00000000f4700000,0x00000000f5d80000)
 ParOldGen       total 99840K, used 43657K [0x00000000c2800000, 0x00000000c8980000, 0x00000000eb800000)
  object space 99840K, 43% used [0x00000000c2800000,0x00000000c52a26b0,0x00000000c8980000)
 Metaspace       used 21474K, capacity 21692K, committed 22016K, reserved 1069056K
  class space    used 2466K, capacity 2551K, committed 2560K, reserved 1048576K
Event: 15,485 GC heap after
Heap after GC invocations=13 (full 2):
 PSYoungGen      total 169472K, used 11532K [0x00000000eb800000, 0x00000000fb600000, 0x0000000100000000)
  eden space 146432K, 0% used [0x00000000eb800000,0x00000000eb800000,0x00000000f4700000)
  from space 23040K, 50% used [0x00000000f4700000,0x00000000f5243340,0x00000000f5d80000)
  to   space 23040K, 0% used [0x00000000f9f80000,0x00000000f9f80000,0x00000000fb600000)
 ParOldGen       total 99840K, used 43665K [0x00000000c2800000, 0x00000000c8980000, 0x00000000eb800000)
  object space 99840K, 43% used [0x00000000c2800000,0x00000000c52a46b0,0x00000000c8980000)
 Metaspace       used 21474K, capacity 21692K, committed 22016K, reserved 1069056K
  class space    used 2466K, capacity 2551K, committed 2560K, reserved 1048576K
}

