# JRE version: Java(TM) SE Runtime Environment (8.0_161-b12) (build 1.8.0_161-b12)
# Java VM: Java HotSpot(TM) 64-Bit Server VM (25.161-b12 mixed mode linux-amd64 compressed oops)
Heap:
 PSYoungGen      total 232960K, used 160667K [0x00000000eb800000, 0x0000000100000000, 0x0000000100000000)
  eden space 209920K, 76% used [0x00000000eb800000,0x00000000f54382e0,0x00000000f8500000)
  from space 23040K, 3% used [0x00000000f8500000,0x00000000f85aec40,0x00000000f9b80000)
  to   space 24064K, 0% used [0x00000000fe880000,0x00000000fe880000,0x0000000100000000)
 ParOldGen       total 108544K, used 54398K [0x00000000c2800000, 0x00000000c9200000, 0x00000000eb800000)
  object space 108544K, 50% used [0x00000000c2800000,0x00000000c5d1f9f8,0x00000000c9200000)
 Metaspace       used 22352K, capacity 22588K, committed 22912K, reserved 1069056K
  class space    used 2558K, capacity 2623K, committed 2688K, reserved 1048576K
GC Heap History (10 events):
Event: 7,493 GC heap before
{Heap before GC invocations=7 (full 1):
 PSYoungGen      total 66048K, used 62197K [0x00000000eb800000, 0x00000000f5c00000, 0x0000000100000000)
  eden space 63488K, 97% used [0x00000000eb800000,0x00000000ef4bd408,0x00000000ef600000)
  from space 2560K, 0% used [0x00000000ef600000,0x00000000ef600000,0x00000000ef880000)
  to   space 20480K, 0% used [0x00000000f4800000,0x00000000f4800000,0x00000000f5c00000)
 ParOldGen       total 59904K, used 24219K [0x00000000c2800000, 0x00000000c6280000, 0x00000000eb800000)
  object space 59904K, 40% used [0x00000000c2800000,0x00000000c3fa6c88,0x00000000c6280000)
 Metaspace       used 20982K, capacity 21240K, committed 21504K, reserved 1069056K
  class space    used 2423K, capacity 2521K, committed 2560K, reserved 1048576K
Event: 7,499 GC heap after
Heap after GC invocations=7 (full 1):
 PSYoungGen      total 130048K, used 12642K [0x00000000eb800000, 0x00000000f5480000, 0x0000000100000000)
  eden space 117248K, 0% used [0x00000000eb800000,0x00000000eb800000,0x00000000f2a80000)
  from space 12800K, 98% used [0x00000000f4800000,0x00000000f5458880,0x00000000f5480000)
  to   space 20480K, 0% used [0x00000000f2c80000,0x00000000f2c80000,0x00000000f4080000)
 ParOldGen       total 59904K, used 24227K [0x00000000c2800000, 0x00000000c6280000, 0x00000000eb800000)
  object space 59904K, 40% used [0x00000000c2800000,0x00000000c3fa8c88,0x00000000c6280000)
 Metaspace       used 20982K, capacity 21240K, committed 21504K, reserved 1069056K
  class space    used 2423K, capacity 2521K, committed 2560K, reserved 1048576K
}
Event: 8,251 GC heap before
{Heap before GC invocations=8 (full 1):
 PSYoungGen      total 130048K, used 129890K [0x00000000eb800000, 0x00000000f5480000, 0x0000000100000000)
  eden space 117248K, 100% used [0x00000000eb800000,0x00000000f2a80000,0x00000000f2a80000)
  from space 12800K, 98% used [0x00000000f4800000,0x00000000f5458880,0x00000000f5480000)
  to   space 20480K, 0% used [0x00000000f2c80000,0x00000000f2c80000,0x00000000f4080000)
 ParOldGen       total 59904K, used 24227K [0x00000000c2800000, 0x00000000c6280000, 0x00000000eb800000)
  object space 59904K, 40% used [0x00000000c2800000,0x00000000c3fa8c88,0x00000000c6280000)
 Metaspace       used 21114K, capacity 21316K, committed 21504K, reserved 1069056K
  class space    used 2434K, capacity 2523K, committed 2560K, reserved 1048576K
Event: 8,259 GC heap after
Heap after GC invocations=8 (full 1):
 PSYoungGen      total 139776K, used 13183K [0x00000000eb800000, 0x00000000faf80000, 0x0000000100000000)
  eden space 119296K, 0% used [0x00000000eb800000,0x00000000eb800000,0x00000000f2c80000)
  from space 20480K, 64% used [0x00000000f2c80000,0x00000000f395fc48,0x00000000f4080000)
  to   space 20480K, 0% used [0x00000000f9b80000,0x00000000f9b80000,0x00000000faf80000)
 ParOldGen       total 59904K, used 24235K [0x00000000c2800000, 0x00000000c6280000, 0x00000000eb800000)
  object space 59904K, 40% used [0x00000000c2800000,0x00000000c3faac88,0x00000000c6280000)
 Metaspace       used 21114K, capacity 21316K, committed 21504K, reserved 1069056K
  class space    used 2434K, capacity 2523K, committed 2560K, reserved 1048576K
}
Event: 9,283 GC heap before
{Heap before GC invocations=9 (full 1):
 PSYoungGen      total 139776K, used 132479K [0x00000000eb800000, 0x00000000faf80000, 0x0000000100000000)
  eden space 119296K, 100% used [0x00000000eb800000,0x00000000f2c80000,0x00000000f2c80000)
  from space 20480K, 64% used [0x00000000f2c80000,0x00000000f395fc48,0x00000000f4080000)
  to   space 20480K, 0% used [0x00000000f9b80000,0x00000000f9b80000,0x00000000faf80000)
 ParOldGen       total 59904K, used 24235K [0x00000000c2800000, 0x00000000c6280000, 0x00000000eb800000)
  object space 59904K, 40% used [0x00000000c2800000,0x00000000c3faac88,0x00000000c6280000)
 Metaspace       used 21166K, capacity 21468K, committed 21760K, reserved 1069056K
  class space    used 2436K, capacity 2527K, committed 2560K, reserved 1048576K
Event: 9,314 GC heap after
Heap after GC invocations=9 (full 1):
 PSYoungGen      total 230400K, used 19322K [0x00000000eb800000, 0x00000000fb780000, 0x0000000100000000)
  eden space 209920K, 0% used [0x00000000eb800000,0x00000000eb800000,0x00000000f8500000)
  from space 20480K, 94% used [0x00000000f9b80000,0x00000000fae5e940,0x00000000faf80000)
  to   space 23040K, 0% used [0x00000000f8500000,0x00000000f8500000,0x00000000f9b80000)
 ParOldGen       total 67072K, used 64620K [0x00000000c2800000, 0x00000000c6980000, 0x00000000eb800000)
  object space 67072K, 96% used [0x00000000c2800000,0x00000000c671b1c8,0x00000000c6980000)
 Metaspace       used 21166K, capacity 21468K, committed 21760K, reserved 1069056K
  class space    used 2436K, capacity 2527K, committed 2560K, reserved 1048576K
}
Event: 9,314 GC heap before
{Heap before GC invocations=10 (full 2):
 PSYoungGen      total 230400K, used 19322K [0x00000000eb800000, 0x00000000fb780000, 0x0000000100000000)
  eden space 209920K, 0% used [0x00000000eb800000,0x00000000eb800000,0x00000000f8500000)
  from space 20480K, 94% used [0x00000000f9b80000,0x00000000fae5e940,0x00000000faf80000)
  to   space 23040K, 0% used [0x00000000f8500000,0x00000000f8500000,0x00000000f9b80000)
 ParOldGen       total 67072K, used 64620K [0x00000000c2800000, 0x00000000c6980000, 0x00000000eb800000)
  object space 67072K, 96% used [0x00000000c2800000,0x00000000c671b1c8,0x00000000c6980000)
 Metaspace       used 21166K, capacity 21468K, committed 21760K, reserved 1069056K
  class space    used 2436K, capacity 2527K, committed 2560K, reserved 1048576K
Event: 9,354 GC heap after
Heap after GC invocations=10 (full 2):
 PSYoungGen      total 230400K, used 0K [0x00000000eb800000, 0x00000000fb780000, 0x0000000100000000)
  eden space 209920K, 0% used [0x00000000eb800000,0x00000000eb800000,0x00000000f8500000)
  from space 20480K, 0% used [0x00000000f9b80000,0x00000000f9b80000,0x00000000faf80000)
  to   space 23040K, 0% used [0x00000000f8500000,0x00000000f8500000,0x00000000f9b80000)
 ParOldGen       total 108544K, used 54390K [0x00000000c2800000, 0x00000000c9200000, 0x00000000eb800000)
  object space 108544K, 50% used [0x00000000c2800000,0x00000000c5d1d9f8,0x00000000c9200000)
 Metaspace       used 21166K, capacity 21468K, committed 21760K, reserved 1069056K
  class space    used 2436K, capacity 2527K, committed 2560K, reserved 1048576K
}
Event: 113,136 GC heap before
{Heap before GC invocations=11 (full 2):
 PSYoungGen      total 230400K, used 209920K [0x00000000eb800000, 0x00000000fb780000, 0x0000000100000000)
  eden space 209920K, 100% used [0x00000000eb800000,0x00000000f8500000,0x00000000f8500000)
  from space 20480K, 0% used [0x00000000f9b80000,0x00000000f9b80000,0x00000000faf80000)
  to   space 23040K, 0% used [0x00000000f8500000,0x00000000f8500000,0x00000000f9b80000)
 ParOldGen       total 108544K, used 54390K [0x00000000c2800000, 0x00000000c9200000, 0x00000000eb800000)
  object space 108544K, 50% used [0x00000000c2800000,0x00000000c5d1d9f8,0x00000000c9200000)
 Metaspace       used 22351K, capacity 22588K, committed 22912K, reserved 1069056K
  class space    used 2558K, capacity 2623K, committed 2688K, reserved 1048576K
Event: 113,139 GC heap after
Heap after GC invocations=11 (full 2):
 PSYoungGen      total 232960K, used 699K [0x00000000eb800000, 0x0000000100000000, 0x0000000100000000)
  eden space 209920K, 0% used [0x00000000eb800000,0x00000000eb800000,0x00000000f8500000)
  from space 23040K, 3% used [0x00000000f8500000,0x00000000f85aec40,0x00000000f9b80000)
  to   space 24064K, 0% used [0x00000000fe880000,0x00000000fe880000,0x0000000100000000)
 ParOldGen       total 108544K, used 54398K [0x00000000c2800000, 0x00000000c9200000, 0x00000000eb800000)
  object space 108544K, 50% used [0x00000000c2800000,0x00000000c5d1f9f8,0x00000000c9200000)
 Metaspace       used 22351K, capacity 22588K, committed 22912K, reserved 1069056K
  class space    used 2558K, capacity 2623K, committed 2688K, reserved 1048576K
}

